<?xml version="1.0" encoding="UTF-8" ?>
<testsuite tests="52" failures="0" name="TestSuite" time="1.506" errors="0" skipped="0">
  <properties>
[...]
</properties>
  <testcase classname="Runners.MyClassTestCase" name="runScenario" time="0.15"/>
  <testcase classname="Runners.MyClassTestCase" name="runScenario" time="0.447"/>
  <testcase classname="Runners.MyClassTestCase" name="runScenario" time="0.027"/>
  <testcase classname="Runners.MyClassTestCase" name="runScenario" time="0.007"/>
  <testcase classname="Runners.MyClassTestCase" name="runScenario" time="0.02"/>
  <testcase classname="Runners.MyClassTestCase" name="runScenario" time="0.02"/>
  <testcase classname="Runners.MyClassTestCase" name="runScenario" time="0.005"/>
  <testcase classname="Runners.MyClassTestCase" name="runScenario" time="0.021"/>
  <testcase classname="Runners.MyClassTestCase" name="runScenario" time="0.019"/>
  <testcase classname="Runners.MyClassTestCase" name="runScenario" time="0.04"/>
  <testcase classname="Runners.MyClassTestCase" name="runScenario" time="0.006"/>
  <testcase classname="Runners.MyClassTestCase" name="runScenario" time="0.02"/>
  <testcase classname="Runners.MyClassTestCase" name="runScenario" time="0.018"/>
  <testcase classname="Runners.MyClassTestCase" name="runScenario" time="0.018"/>
  <testcase classname="Runners.MyClassTestCase" name="runScenario" time="0.02"/>
  <testcase classname="Runners.MyClassTestCase" name="runScenario" time="0.022"/>
  <testcase classname="Runners.MyClassTestCase" name="runScenario" time="0.022"/>
  <testcase classname="Runners.MyClassTestCase" name="runScenario" time="0.021"/>
  <testcase classname="Runners.MyClassTestCase" name="runScenario" time="0.022"/>
  <testcase classname="Runners.MyClassTestCase" name="runScenario" time="0.028"/>
  <testcase classname="Runners.MyClassTestCase" name="runScenario" time="0.023"/>
  <testcase classname="Runners.MyClassTestCase" name="runScenario" time="0.021"/>
  <testcase classname="Runners.MyClassTestCase" name="runScenario" time="0.023"/>
  <testcase classname="Runners.MyClassTestCase" name="runScenario" time="0.02"/>
  <testcase classname="Runners.MyClassTestCase" name="runScenario" time="0.014"/>
  <testcase classname="Runners.MyClassTestCase" name="runScenario" time="0.018"/>
  <testcase classname="Runners.MyClassTestCase" name="runScenario" time="0.016"/>
  <testcase classname="Runners.MyClassTestCase" name="runScenario" time="0.017"/>
  <testcase classname="Runners.MyClassTestCase" name="runScenario" time="0.015"/>
  <testcase classname="Runners.MyClassTestCase" name="runScenario" time="0.016"/>
  <testcase classname="Runners.MyClassTestCase" name="runScenario" time="0.015"/>
  <testcase classname="Runners.MyClassTestCase" name="runScenario" time="0.018"/>
  <testcase classname="Runners.MyClassTestCase" name="runScenario" time="0.019"/>
  <testcase classname="Runners.MyClassTestCase" name="runScenario" time="0.017"/>
  <testcase classname="Runners.MyClassTestCase" name="runScenario" time="0.014"/>
  <testcase classname="Runners.MyClassTestCase" name="runScenario" time="0.015"/>
  <testcase classname="Runners.MyClassTestCase" name="runScenario" time="0.014"/>
  <testcase classname="Runners.MyClassTestCase" name="runScenario" time="0.013"/>
  <testcase classname="Runners.MyClassTestCase" name="runScenario" time="0.015"/>
  <testcase classname="Runners.MyClassTestCase" name="runScenario" time="0.014"/>
  <testcase classname="Runners.MyClassTestCase" name="runScenario" time="0.013"/>
  <testcase classname="Runners.MyClassTestCase" name="runScenario" time="0.017"/>
  <testcase classname="Runners.MyClassTestCase" name="runScenario" time="0.014"/>
  <testcase classname="Runners.MyClassTestCase" name="runScenario" time="0.031"/>
  <testcase classname="Runners.MyClassTestCase" name="runScenario" time="0.033"/>
  <testcase classname="Runners.MyClassTestCase" name="runScenario" time="0.003"/>
  <testcase classname="Runners.MyClassTestCase" name="runScenario" time="0.024"/>
  <testcase classname="Runners.MyClassTestCase" name="runScenario" time="0.017"/>
  <testcase classname="Runners.MyClassTestCase" name="runScenario" time="0.016"/>
  <testcase classname="Runners.MyClassTestCase" name="runScenario" time="0.019"/>
  <testcase classname="Runners.MyClassTestCase" name="runScenario" time="0.015"/>
  <testcase classname="Runners.MyClassTestCase" name="runScenario" time="0.014"/>
</testsuite>