<?xml version="1.0" encoding="UTF-8"?>
<testng-results ignored="0" total="52" passed="52" failed="0" skipped="0">
  <reporter-output>
  </reporter-output>
  <suite started-at="2023-05-04T20:47:00 EET" name="Command line suite" finished-at="2023-05-04T20:47:02 EET" duration-ms="1761">
    <groups>
      <group name="cucumber">
        <method signature="AbstractTestNGCucumberTests.runScenario(io.cucumber.testng.PickleWrapper,io.cucumber.testng.FeatureWrapper)[pri:0, instance:Runners.MyClassTestCase@5606c0b]" name="runScenario" class="io.cucumber.testng.AbstractTestNGCucumberTests"/>
      </group> <!-- cucumber -->
    </groups>
    <test started-at="2023-05-04T20:47:00 EET" name="Command line test" finished-at="2023-05-04T20:47:02 EET" duration-ms="1761">
      <class name="Runners.MyClassTestCase">
        <test-method is-config="true" signature="setUpClass()[pri:0, instance:Runners.MyClassTestCase@5606c0b]" started-at="2023-05-04T20:47:00 EET" name="setUpClass" finished-at="2023-05-04T20:47:00 EET" duration-ms="217" status="PASS">
          <reporter-output>
          </reporter-output>
        </test-method> <!-- setUpClass -->
        <test-method signature="runScenario(io.cucumber.testng.PickleWrapper,io.cucumber.testng.FeatureWrapper)[pri:0, instance:Runners.MyClassTestCase@5606c0b]" started-at="2023-05-04T20:47:00 EET" name="runScenario" description="Runs Cucumber Scenarios" data-provider="scenarios" finished-at="2023-05-04T20:47:01 EET" duration-ms="148" status="PASS">
          <params>
            <param index="0">
              <value>
                <![CDATA["Enter an Empty id"]]>
              </value>
            </param>
            <param index="1">
              <value>
                <![CDATA["Optional[Show the Information of Customer]"]]>
              </value>
            </param>
          </params>
          <reporter-output>
          </reporter-output>
        </test-method> <!-- runScenario -->
        <test-method signature="runScenario(io.cucumber.testng.PickleWrapper,io.cucumber.testng.FeatureWrapper)[pri:0, instance:Runners.MyClassTestCase@5606c0b]" started-at="2023-05-04T20:47:01 EET" name="runScenario" description="Runs Cucumber Scenarios" data-provider="scenarios" finished-at="2023-05-04T20:47:01 EET" duration-ms="447" status="PASS">
          <params>
            <param index="0">
              <value>
                <![CDATA["Enter an wrong id"]]>
              </value>
            </param>
            <param index="1">
              <value>
                <![CDATA["Optional[Show the Information of Customer]"]]>
              </value>
            </param>
          </params>
          <reporter-output>
          </reporter-output>
        </test-method> <!-- runScenario -->
        <test-method signature="runScenario(io.cucumber.testng.PickleWrapper,io.cucumber.testng.FeatureWrapper)[pri:0, instance:Runners.MyClassTestCase@5606c0b]" started-at="2023-05-04T20:47:01 EET" name="runScenario" description="Runs Cucumber Scenarios" data-provider="scenarios" finished-at="2023-05-04T20:47:01 EET" duration-ms="26" status="PASS">
          <params>
            <param index="0">
              <value>
                <![CDATA["Enter a correct ID"]]>
              </value>
            </param>
            <param index="1">
              <value>
                <![CDATA["Optional[Show the Information of Customer]"]]>
              </value>
            </param>
          </params>
          <reporter-output>
          </reporter-output>
        </test-method> <!-- runScenario -->
        <test-method signature="runScenario(io.cucumber.testng.PickleWrapper,io.cucumber.testng.FeatureWrapper)[pri:0, instance:Runners.MyClassTestCase@5606c0b]" started-at="2023-05-04T20:47:01 EET" name="runScenario" description="Runs Cucumber Scenarios" data-provider="scenarios" finished-at="2023-05-04T20:47:01 EET" duration-ms="5" status="PASS">
          <params>
            <param index="0">
              <value>
                <![CDATA["Enter an Empty id"]]>
              </value>
            </param>
            <param index="1">
              <value>
                <![CDATA["Optional[Show Product Information]"]]>
              </value>
            </param>
          </params>
          <reporter-output>
          </reporter-output>
        </test-method> <!-- runScenario -->
        <test-method signature="runScenario(io.cucumber.testng.PickleWrapper,io.cucumber.testng.FeatureWrapper)[pri:0, instance:Runners.MyClassTestCase@5606c0b]" started-at="2023-05-04T20:47:01 EET" name="runScenario" description="Runs Cucumber Scenarios" data-provider="scenarios" finished-at="2023-05-04T20:47:01 EET" duration-ms="20" status="PASS">
          <params>
            <param index="0">
              <value>
                <![CDATA["Enter an wrong id"]]>
              </value>
            </param>
            <param index="1">
              <value>
                <![CDATA["Optional[Show Product Information]"]]>
              </value>
            </param>
          </params>
          <reporter-output>
          </reporter-output>
        </test-method> <!-- runScenario -->
        <test-method signature="runScenario(io.cucumber.testng.PickleWrapper,io.cucumber.testng.FeatureWrapper)[pri:0, instance:Runners.MyClassTestCase@5606c0b]" started-at="2023-05-04T20:47:01 EET" name="runScenario" description="Runs Cucumber Scenarios" data-provider="scenarios" finished-at="2023-05-04T20:47:01 EET" duration-ms="21" status="PASS">
          <params>
            <param index="0">
              <value>
                <![CDATA["Enter a correct ID"]]>
              </value>
            </param>
            <param index="1">
              <value>
                <![CDATA["Optional[Show Product Information]"]]>
              </value>
            </param>
          </params>
          <reporter-output>
          </reporter-output>
        </test-method> <!-- runScenario -->
        <test-method signature="runScenario(io.cucumber.testng.PickleWrapper,io.cucumber.testng.FeatureWrapper)[pri:0, instance:Runners.MyClassTestCase@5606c0b]" started-at="2023-05-04T20:47:01 EET" name="runScenario" description="Runs Cucumber Scenarios" data-provider="scenarios" finished-at="2023-05-04T20:47:01 EET" duration-ms="6" status="PASS">
          <params>
            <param index="0">
              <value>
                <![CDATA["One or More Empty Term"]]>
              </value>
            </param>
            <param index="1">
              <value>
                <![CDATA["Optional[SignUp]"]]>
              </value>
            </param>
          </params>
          <reporter-output>
          </reporter-output>
        </test-method> <!-- runScenario -->
        <test-method signature="runScenario(io.cucumber.testng.PickleWrapper,io.cucumber.testng.FeatureWrapper)[pri:0, instance:Runners.MyClassTestCase@5606c0b]" started-at="2023-05-04T20:47:01 EET" name="runScenario" description="Runs Cucumber Scenarios" data-provider="scenarios" finished-at="2023-05-04T20:47:01 EET" duration-ms="20" status="PASS">
          <params>
            <param index="0">
              <value>
                <![CDATA["duplicate id"]]>
              </value>
            </param>
            <param index="1">
              <value>
                <![CDATA["Optional[SignUp]"]]>
              </value>
            </param>
          </params>
          <reporter-output>
          </reporter-output>
        </test-method> <!-- runScenario -->
        <test-method signature="runScenario(io.cucumber.testng.PickleWrapper,io.cucumber.testng.FeatureWrapper)[pri:0, instance:Runners.MyClassTestCase@5606c0b]" started-at="2023-05-04T20:47:01 EET" name="runScenario" description="Runs Cucumber Scenarios" data-provider="scenarios" finished-at="2023-05-04T20:47:01 EET" duration-ms="19" status="PASS">
          <params>
            <param index="0">
              <value>
                <![CDATA["weak password"]]>
              </value>
            </param>
            <param index="1">
              <value>
                <![CDATA["Optional[SignUp]"]]>
              </value>
            </param>
          </params>
          <reporter-output>
          </reporter-output>
        </test-method> <!-- runScenario -->
        <test-method signature="runScenario(io.cucumber.testng.PickleWrapper,io.cucumber.testng.FeatureWrapper)[pri:0, instance:Runners.MyClassTestCase@5606c0b]" started-at="2023-05-04T20:47:01 EET" name="runScenario" description="Runs Cucumber Scenarios" data-provider="scenarios" finished-at="2023-05-04T20:47:01 EET" duration-ms="39" status="PASS">
          <params>
            <param index="0">
              <value>
                <![CDATA["Added Successfully"]]>
              </value>
            </param>
            <param index="1">
              <value>
                <![CDATA["Optional[SignUp]"]]>
              </value>
            </param>
          </params>
          <reporter-output>
          </reporter-output>
        </test-method> <!-- runScenario -->
        <test-method signature="runScenario(io.cucumber.testng.PickleWrapper,io.cucumber.testng.FeatureWrapper)[pri:0, instance:Runners.MyClassTestCase@5606c0b]" started-at="2023-05-04T20:47:01 EET" name="runScenario" description="Runs Cucumber Scenarios" data-provider="scenarios" finished-at="2023-05-04T20:47:01 EET" duration-ms="6" status="PASS">
          <params>
            <param index="0">
              <value>
                <![CDATA["one or more null value"]]>
              </value>
            </param>
            <param index="1">
              <value>
                <![CDATA["Optional[Add Customer]"]]>
              </value>
            </param>
          </params>
          <reporter-output>
          </reporter-output>
        </test-method> <!-- runScenario -->
        <test-method signature="runScenario(io.cucumber.testng.PickleWrapper,io.cucumber.testng.FeatureWrapper)[pri:0, instance:Runners.MyClassTestCase@5606c0b]" started-at="2023-05-04T20:47:01 EET" name="runScenario" description="Runs Cucumber Scenarios" data-provider="scenarios" finished-at="2023-05-04T20:47:01 EET" duration-ms="19" status="PASS">
          <params>
            <param index="0">
              <value>
                <![CDATA["Enter used id to add new customer"]]>
              </value>
            </param>
            <param index="1">
              <value>
                <![CDATA["Optional[Add Customer]"]]>
              </value>
            </param>
          </params>
          <reporter-output>
          </reporter-output>
        </test-method> <!-- runScenario -->
        <test-method signature="runScenario(io.cucumber.testng.PickleWrapper,io.cucumber.testng.FeatureWrapper)[pri:0, instance:Runners.MyClassTestCase@5606c0b]" started-at="2023-05-04T20:47:01 EET" name="runScenario" description="Runs Cucumber Scenarios" data-provider="scenarios" finished-at="2023-05-04T20:47:01 EET" duration-ms="18" status="PASS">
          <params>
            <param index="0">
              <value>
                <![CDATA["fill all values"]]>
              </value>
            </param>
            <param index="1">
              <value>
                <![CDATA["Optional[Add Customer]"]]>
              </value>
            </param>
          </params>
          <reporter-output>
          </reporter-output>
        </test-method> <!-- runScenario -->
        <test-method signature="runScenario(io.cucumber.testng.PickleWrapper,io.cucumber.testng.FeatureWrapper)[pri:0, instance:Runners.MyClassTestCase@5606c0b]" started-at="2023-05-04T20:47:01 EET" name="runScenario" description="Runs Cucumber Scenarios" data-provider="scenarios" finished-at="2023-05-04T20:47:01 EET" duration-ms="18" status="PASS">
          <params>
            <param index="0">
              <value>
                <![CDATA["fill all values"]]>
              </value>
            </param>
            <param index="1">
              <value>
                <![CDATA["Optional[Add Customer]"]]>
              </value>
            </param>
          </params>
          <reporter-output>
          </reporter-output>
        </test-method> <!-- runScenario -->
        <test-method signature="runScenario(io.cucumber.testng.PickleWrapper,io.cucumber.testng.FeatureWrapper)[pri:0, instance:Runners.MyClassTestCase@5606c0b]" started-at="2023-05-04T20:47:01 EET" name="runScenario" description="Runs Cucumber Scenarios" data-provider="scenarios" finished-at="2023-05-04T20:47:01 EET" duration-ms="18" status="PASS">
          <params>
            <param index="0">
              <value>
                <![CDATA["fill all values"]]>
              </value>
            </param>
            <param index="1">
              <value>
                <![CDATA["Optional[Add Customer]"]]>
              </value>
            </param>
          </params>
          <reporter-output>
          </reporter-output>
        </test-method> <!-- runScenario -->
        <test-method signature="runScenario(io.cucumber.testng.PickleWrapper,io.cucumber.testng.FeatureWrapper)[pri:0, instance:Runners.MyClassTestCase@5606c0b]" started-at="2023-05-04T20:47:01 EET" name="runScenario" description="Runs Cucumber Scenarios" data-provider="scenarios" finished-at="2023-05-04T20:47:01 EET" duration-ms="22" status="PASS">
          <params>
            <param index="0">
              <value>
                <![CDATA["fill all values"]]>
              </value>
            </param>
            <param index="1">
              <value>
                <![CDATA["Optional[Add Customer]"]]>
              </value>
            </param>
          </params>
          <reporter-output>
          </reporter-output>
        </test-method> <!-- runScenario -->
        <test-method signature="runScenario(io.cucumber.testng.PickleWrapper,io.cucumber.testng.FeatureWrapper)[pri:0, instance:Runners.MyClassTestCase@5606c0b]" started-at="2023-05-04T20:47:01 EET" name="runScenario" description="Runs Cucumber Scenarios" data-provider="scenarios" finished-at="2023-05-04T20:47:01 EET" duration-ms="21" status="PASS">
          <params>
            <param index="0">
              <value>
                <![CDATA["fill all values"]]>
              </value>
            </param>
            <param index="1">
              <value>
                <![CDATA["Optional[Add Customer]"]]>
              </value>
            </param>
          </params>
          <reporter-output>
          </reporter-output>
        </test-method> <!-- runScenario -->
        <test-method signature="runScenario(io.cucumber.testng.PickleWrapper,io.cucumber.testng.FeatureWrapper)[pri:0, instance:Runners.MyClassTestCase@5606c0b]" started-at="2023-05-04T20:47:01 EET" name="runScenario" description="Runs Cucumber Scenarios" data-provider="scenarios" finished-at="2023-05-04T20:47:01 EET" duration-ms="21" status="PASS">
          <params>
            <param index="0">
              <value>
                <![CDATA["fill all values"]]>
              </value>
            </param>
            <param index="1">
              <value>
                <![CDATA["Optional[Add Customer]"]]>
              </value>
            </param>
          </params>
          <reporter-output>
          </reporter-output>
        </test-method> <!-- runScenario -->
        <test-method signature="runScenario(io.cucumber.testng.PickleWrapper,io.cucumber.testng.FeatureWrapper)[pri:0, instance:Runners.MyClassTestCase@5606c0b]" started-at="2023-05-04T20:47:01 EET" name="runScenario" description="Runs Cucumber Scenarios" data-provider="scenarios" finished-at="2023-05-04T20:47:01 EET" duration-ms="22" status="PASS">
          <params>
            <param index="0">
              <value>
                <![CDATA["one or more empty value"]]>
              </value>
            </param>
            <param index="1">
              <value>
                <![CDATA["Optional[Add Product]"]]>
              </value>
            </param>
          </params>
          <reporter-output>
          </reporter-output>
        </test-method> <!-- runScenario -->
        <test-method signature="runScenario(io.cucumber.testng.PickleWrapper,io.cucumber.testng.FeatureWrapper)[pri:0, instance:Runners.MyClassTestCase@5606c0b]" started-at="2023-05-04T20:47:01 EET" name="runScenario" description="Runs Cucumber Scenarios" data-provider="scenarios" finished-at="2023-05-04T20:47:01 EET" duration-ms="28" status="PASS">
          <params>
            <param index="0">
              <value>
                <![CDATA["Enter used id"]]>
              </value>
            </param>
            <param index="1">
              <value>
                <![CDATA["Optional[Add Product]"]]>
              </value>
            </param>
          </params>
          <reporter-output>
          </reporter-output>
        </test-method> <!-- runScenario -->
        <test-method signature="runScenario(io.cucumber.testng.PickleWrapper,io.cucumber.testng.FeatureWrapper)[pri:0, instance:Runners.MyClassTestCase@5606c0b]" started-at="2023-05-04T20:47:01 EET" name="runScenario" description="Runs Cucumber Scenarios" data-provider="scenarios" finished-at="2023-05-04T20:47:01 EET" duration-ms="23" status="PASS">
          <params>
            <param index="0">
              <value>
                <![CDATA["fill all values"]]>
              </value>
            </param>
            <param index="1">
              <value>
                <![CDATA["Optional[Add Product]"]]>
              </value>
            </param>
          </params>
          <reporter-output>
          </reporter-output>
        </test-method> <!-- runScenario -->
        <test-method signature="runScenario(io.cucumber.testng.PickleWrapper,io.cucumber.testng.FeatureWrapper)[pri:0, instance:Runners.MyClassTestCase@5606c0b]" started-at="2023-05-04T20:47:01 EET" name="runScenario" description="Runs Cucumber Scenarios" data-provider="scenarios" finished-at="2023-05-04T20:47:01 EET" duration-ms="21" status="PASS">
          <params>
            <param index="0">
              <value>
                <![CDATA["fill all values"]]>
              </value>
            </param>
            <param index="1">
              <value>
                <![CDATA["Optional[Add Product]"]]>
              </value>
            </param>
          </params>
          <reporter-output>
          </reporter-output>
        </test-method> <!-- runScenario -->
        <test-method signature="runScenario(io.cucumber.testng.PickleWrapper,io.cucumber.testng.FeatureWrapper)[pri:0, instance:Runners.MyClassTestCase@5606c0b]" started-at="2023-05-04T20:47:01 EET" name="runScenario" description="Runs Cucumber Scenarios" data-provider="scenarios" finished-at="2023-05-04T20:47:01 EET" duration-ms="22" status="PASS">
          <params>
            <param index="0">
              <value>
                <![CDATA["fill all values"]]>
              </value>
            </param>
            <param index="1">
              <value>
                <![CDATA["Optional[Add Product]"]]>
              </value>
            </param>
          </params>
          <reporter-output>
          </reporter-output>
        </test-method> <!-- runScenario -->
        <test-method signature="runScenario(io.cucumber.testng.PickleWrapper,io.cucumber.testng.FeatureWrapper)[pri:0, instance:Runners.MyClassTestCase@5606c0b]" started-at="2023-05-04T20:47:01 EET" name="runScenario" description="Runs Cucumber Scenarios" data-provider="scenarios" finished-at="2023-05-04T20:47:01 EET" duration-ms="20" status="PASS">
          <params>
            <param index="0">
              <value>
                <![CDATA["fill all values"]]>
              </value>
            </param>
            <param index="1">
              <value>
                <![CDATA["Optional[Add Product]"]]>
              </value>
            </param>
          </params>
          <reporter-output>
          </reporter-output>
        </test-method> <!-- runScenario -->
        <test-method signature="runScenario(io.cucumber.testng.PickleWrapper,io.cucumber.testng.FeatureWrapper)[pri:0, instance:Runners.MyClassTestCase@5606c0b]" started-at="2023-05-04T20:47:01 EET" name="runScenario" description="Runs Cucumber Scenarios" data-provider="scenarios" finished-at="2023-05-04T20:47:01 EET" duration-ms="15" status="PASS">
          <params>
            <param index="0">
              <value>
                <![CDATA["fill all values"]]>
              </value>
            </param>
            <param index="1">
              <value>
                <![CDATA["Optional[Add Product]"]]>
              </value>
            </param>
          </params>
          <reporter-output>
          </reporter-output>
        </test-method> <!-- runScenario -->
        <test-method signature="runScenario(io.cucumber.testng.PickleWrapper,io.cucumber.testng.FeatureWrapper)[pri:0, instance:Runners.MyClassTestCase@5606c0b]" started-at="2023-05-04T20:47:01 EET" name="runScenario" description="Runs Cucumber Scenarios" data-provider="scenarios" finished-at="2023-05-04T20:47:01 EET" duration-ms="18" status="PASS">
          <params>
            <param index="0">
              <value>
                <![CDATA["i want to delete customer with empty id and name"]]>
              </value>
            </param>
            <param index="1">
              <value>
                <![CDATA["Optional[Delete Customer]"]]>
              </value>
            </param>
          </params>
          <reporter-output>
          </reporter-output>
        </test-method> <!-- runScenario -->
        <test-method signature="runScenario(io.cucumber.testng.PickleWrapper,io.cucumber.testng.FeatureWrapper)[pri:0, instance:Runners.MyClassTestCase@5606c0b]" started-at="2023-05-04T20:47:01 EET" name="runScenario" description="Runs Cucumber Scenarios" data-provider="scenarios" finished-at="2023-05-04T20:47:02 EET" duration-ms="17" status="PASS">
          <params>
            <param index="0">
              <value>
                <![CDATA["i want to delete customer with invalid name and id"]]>
              </value>
            </param>
            <param index="1">
              <value>
                <![CDATA["Optional[Delete Customer]"]]>
              </value>
            </param>
          </params>
          <reporter-output>
          </reporter-output>
        </test-method> <!-- runScenario -->
        <test-method signature="runScenario(io.cucumber.testng.PickleWrapper,io.cucumber.testng.FeatureWrapper)[pri:0, instance:Runners.MyClassTestCase@5606c0b]" started-at="2023-05-04T20:47:02 EET" name="runScenario" description="Runs Cucumber Scenarios" data-provider="scenarios" finished-at="2023-05-04T20:47:02 EET" duration-ms="18" status="PASS">
          <params>
            <param index="0">
              <value>
                <![CDATA["i want to delete customer with invalid name or id and empty name or id"]]>
              </value>
            </param>
            <param index="1">
              <value>
                <![CDATA["Optional[Delete Customer]"]]>
              </value>
            </param>
          </params>
          <reporter-output>
          </reporter-output>
        </test-method> <!-- runScenario -->
        <test-method signature="runScenario(io.cucumber.testng.PickleWrapper,io.cucumber.testng.FeatureWrapper)[pri:0, instance:Runners.MyClassTestCase@5606c0b]" started-at="2023-05-04T20:47:02 EET" name="runScenario" description="Runs Cucumber Scenarios" data-provider="scenarios" finished-at="2023-05-04T20:47:02 EET" duration-ms="15" status="PASS">
          <params>
            <param index="0">
              <value>
                <![CDATA["i want to delete customer with invalid name or id and empty name or id"]]>
              </value>
            </param>
            <param index="1">
              <value>
                <![CDATA["Optional[Delete Customer]"]]>
              </value>
            </param>
          </params>
          <reporter-output>
          </reporter-output>
        </test-method> <!-- runScenario -->
        <test-method signature="runScenario(io.cucumber.testng.PickleWrapper,io.cucumber.testng.FeatureWrapper)[pri:0, instance:Runners.MyClassTestCase@5606c0b]" started-at="2023-05-04T20:47:02 EET" name="runScenario" description="Runs Cucumber Scenarios" data-provider="scenarios" finished-at="2023-05-04T20:47:02 EET" duration-ms="15" status="PASS">
          <params>
            <param index="0">
              <value>
                <![CDATA["i want to delete customer with valid id or valid name"]]>
              </value>
            </param>
            <param index="1">
              <value>
                <![CDATA["Optional[Delete Customer]"]]>
              </value>
            </param>
          </params>
          <reporter-output>
          </reporter-output>
        </test-method> <!-- runScenario -->
        <test-method signature="runScenario(io.cucumber.testng.PickleWrapper,io.cucumber.testng.FeatureWrapper)[pri:0, instance:Runners.MyClassTestCase@5606c0b]" started-at="2023-05-04T20:47:02 EET" name="runScenario" description="Runs Cucumber Scenarios" data-provider="scenarios" finished-at="2023-05-04T20:47:02 EET" duration-ms="14" status="PASS">
          <params>
            <param index="0">
              <value>
                <![CDATA["i want to delete customer with valid id or valid name"]]>
              </value>
            </param>
            <param index="1">
              <value>
                <![CDATA["Optional[Delete Customer]"]]>
              </value>
            </param>
          </params>
          <reporter-output>
          </reporter-output>
        </test-method> <!-- runScenario -->
        <test-method signature="runScenario(io.cucumber.testng.PickleWrapper,io.cucumber.testng.FeatureWrapper)[pri:0, instance:Runners.MyClassTestCase@5606c0b]" started-at="2023-05-04T20:47:02 EET" name="runScenario" description="Runs Cucumber Scenarios" data-provider="scenarios" finished-at="2023-05-04T20:47:02 EET" duration-ms="18" status="PASS">
          <params>
            <param index="0">
              <value>
                <![CDATA["i want to delete customer with valid id or valid name"]]>
              </value>
            </param>
            <param index="1">
              <value>
                <![CDATA["Optional[Delete Customer]"]]>
              </value>
            </param>
          </params>
          <reporter-output>
          </reporter-output>
        </test-method> <!-- runScenario -->
        <test-method signature="runScenario(io.cucumber.testng.PickleWrapper,io.cucumber.testng.FeatureWrapper)[pri:0, instance:Runners.MyClassTestCase@5606c0b]" started-at="2023-05-04T20:47:02 EET" name="runScenario" description="Runs Cucumber Scenarios" data-provider="scenarios" finished-at="2023-05-04T20:47:02 EET" duration-ms="18" status="PASS">
          <params>
            <param index="0">
              <value>
                <![CDATA["i want to delete customer with valid id or valid name"]]>
              </value>
            </param>
            <param index="1">
              <value>
                <![CDATA["Optional[Delete Customer]"]]>
              </value>
            </param>
          </params>
          <reporter-output>
          </reporter-output>
        </test-method> <!-- runScenario -->
        <test-method signature="runScenario(io.cucumber.testng.PickleWrapper,io.cucumber.testng.FeatureWrapper)[pri:0, instance:Runners.MyClassTestCase@5606c0b]" started-at="2023-05-04T20:47:02 EET" name="runScenario" description="Runs Cucumber Scenarios" data-provider="scenarios" finished-at="2023-05-04T20:47:02 EET" duration-ms="16" status="PASS">
          <params>
            <param index="0">
              <value>
                <![CDATA["i want to delete customer with valid id or valid name"]]>
              </value>
            </param>
            <param index="1">
              <value>
                <![CDATA["Optional[Delete Customer]"]]>
              </value>
            </param>
          </params>
          <reporter-output>
          </reporter-output>
        </test-method> <!-- runScenario -->
        <test-method signature="runScenario(io.cucumber.testng.PickleWrapper,io.cucumber.testng.FeatureWrapper)[pri:0, instance:Runners.MyClassTestCase@5606c0b]" started-at="2023-05-04T20:47:02 EET" name="runScenario" description="Runs Cucumber Scenarios" data-provider="scenarios" finished-at="2023-05-04T20:47:02 EET" duration-ms="14" status="PASS">
          <params>
            <param index="0">
              <value>
                <![CDATA["i want to delete customer with empty id and name"]]>
              </value>
            </param>
            <param index="1">
              <value>
                <![CDATA["Optional[Delete Product]"]]>
              </value>
            </param>
          </params>
          <reporter-output>
          </reporter-output>
        </test-method> <!-- runScenario -->
        <test-method signature="runScenario(io.cucumber.testng.PickleWrapper,io.cucumber.testng.FeatureWrapper)[pri:0, instance:Runners.MyClassTestCase@5606c0b]" started-at="2023-05-04T20:47:02 EET" name="runScenario" description="Runs Cucumber Scenarios" data-provider="scenarios" finished-at="2023-05-04T20:47:02 EET" duration-ms="16" status="PASS">
          <params>
            <param index="0">
              <value>
                <![CDATA["i want to delete customer with invalid name and id"]]>
              </value>
            </param>
            <param index="1">
              <value>
                <![CDATA["Optional[Delete Product]"]]>
              </value>
            </param>
          </params>
          <reporter-output>
          </reporter-output>
        </test-method> <!-- runScenario -->
        <test-method signature="runScenario(io.cucumber.testng.PickleWrapper,io.cucumber.testng.FeatureWrapper)[pri:0, instance:Runners.MyClassTestCase@5606c0b]" started-at="2023-05-04T20:47:02 EET" name="runScenario" description="Runs Cucumber Scenarios" data-provider="scenarios" finished-at="2023-05-04T20:47:02 EET" duration-ms="14" status="PASS">
          <params>
            <param index="0">
              <value>
                <![CDATA["i want to delete customer with invalid name or id and empty name or id"]]>
              </value>
            </param>
            <param index="1">
              <value>
                <![CDATA["Optional[Delete Product]"]]>
              </value>
            </param>
          </params>
          <reporter-output>
          </reporter-output>
        </test-method> <!-- runScenario -->
        <test-method signature="runScenario(io.cucumber.testng.PickleWrapper,io.cucumber.testng.FeatureWrapper)[pri:0, instance:Runners.MyClassTestCase@5606c0b]" started-at="2023-05-04T20:47:02 EET" name="runScenario" description="Runs Cucumber Scenarios" data-provider="scenarios" finished-at="2023-05-04T20:47:02 EET" duration-ms="13" status="PASS">
          <params>
            <param index="0">
              <value>
                <![CDATA["i want to delete customer with invalid name or id and empty name or id"]]>
              </value>
            </param>
            <param index="1">
              <value>
                <![CDATA["Optional[Delete Product]"]]>
              </value>
            </param>
          </params>
          <reporter-output>
          </reporter-output>
        </test-method> <!-- runScenario -->
        <test-method signature="runScenario(io.cucumber.testng.PickleWrapper,io.cucumber.testng.FeatureWrapper)[pri:0, instance:Runners.MyClassTestCase@5606c0b]" started-at="2023-05-04T20:47:02 EET" name="runScenario" description="Runs Cucumber Scenarios" data-provider="scenarios" finished-at="2023-05-04T20:47:02 EET" duration-ms="16" status="PASS">
          <params>
            <param index="0">
              <value>
                <![CDATA["i want to delete customer with valid id or valid name"]]>
              </value>
            </param>
            <param index="1">
              <value>
                <![CDATA["Optional[Delete Product]"]]>
              </value>
            </param>
          </params>
          <reporter-output>
          </reporter-output>
        </test-method> <!-- runScenario -->
        <test-method signature="runScenario(io.cucumber.testng.PickleWrapper,io.cucumber.testng.FeatureWrapper)[pri:0, instance:Runners.MyClassTestCase@5606c0b]" started-at="2023-05-04T20:47:02 EET" name="runScenario" description="Runs Cucumber Scenarios" data-provider="scenarios" finished-at="2023-05-04T20:47:02 EET" duration-ms="14" status="PASS">
          <params>
            <param index="0">
              <value>
                <![CDATA["i want to delete customer with valid id or valid name"]]>
              </value>
            </param>
            <param index="1">
              <value>
                <![CDATA["Optional[Delete Product]"]]>
              </value>
            </param>
          </params>
          <reporter-output>
          </reporter-output>
        </test-method> <!-- runScenario -->
        <test-method signature="runScenario(io.cucumber.testng.PickleWrapper,io.cucumber.testng.FeatureWrapper)[pri:0, instance:Runners.MyClassTestCase@5606c0b]" started-at="2023-05-04T20:47:02 EET" name="runScenario" description="Runs Cucumber Scenarios" data-provider="scenarios" finished-at="2023-05-04T20:47:02 EET" duration-ms="12" status="PASS">
          <params>
            <param index="0">
              <value>
                <![CDATA["i want to delete customer with valid id or valid name"]]>
              </value>
            </param>
            <param index="1">
              <value>
                <![CDATA["Optional[Delete Product]"]]>
              </value>
            </param>
          </params>
          <reporter-output>
          </reporter-output>
        </test-method> <!-- runScenario -->
        <test-method signature="runScenario(io.cucumber.testng.PickleWrapper,io.cucumber.testng.FeatureWrapper)[pri:0, instance:Runners.MyClassTestCase@5606c0b]" started-at="2023-05-04T20:47:02 EET" name="runScenario" description="Runs Cucumber Scenarios" data-provider="scenarios" finished-at="2023-05-04T20:47:02 EET" duration-ms="17" status="PASS">
          <params>
            <param index="0">
              <value>
                <![CDATA["i want to delete customer with valid id or valid name"]]>
              </value>
            </param>
            <param index="1">
              <value>
                <![CDATA["Optional[Delete Product]"]]>
              </value>
            </param>
          </params>
          <reporter-output>
          </reporter-output>
        </test-method> <!-- runScenario -->
        <test-method signature="runScenario(io.cucumber.testng.PickleWrapper,io.cucumber.testng.FeatureWrapper)[pri:0, instance:Runners.MyClassTestCase@5606c0b]" started-at="2023-05-04T20:47:02 EET" name="runScenario" description="Runs Cucumber Scenarios" data-provider="scenarios" finished-at="2023-05-04T20:47:02 EET" duration-ms="14" status="PASS">
          <params>
            <param index="0">
              <value>
                <![CDATA["i want to delete customer with valid id or valid name"]]>
              </value>
            </param>
            <param index="1">
              <value>
                <![CDATA["Optional[Delete Product]"]]>
              </value>
            </param>
          </params>
          <reporter-output>
          </reporter-output>
        </test-method> <!-- runScenario -->
        <test-method signature="runScenario(io.cucumber.testng.PickleWrapper,io.cucumber.testng.FeatureWrapper)[pri:0, instance:Runners.MyClassTestCase@5606c0b]" started-at="2023-05-04T20:47:02 EET" name="runScenario" description="Runs Cucumber Scenarios" data-provider="scenarios" finished-at="2023-05-04T20:47:02 EET" duration-ms="31" status="PASS">
          <params>
            <param index="0">
              <value>
                <![CDATA["Wrong password or password"]]>
              </value>
            </param>
            <param index="1">
              <value>
                <![CDATA["Optional[Login in my program]"]]>
              </value>
            </param>
          </params>
          <reporter-output>
          </reporter-output>
        </test-method> <!-- runScenario -->
        <test-method signature="runScenario(io.cucumber.testng.PickleWrapper,io.cucumber.testng.FeatureWrapper)[pri:0, instance:Runners.MyClassTestCase@5606c0b]" started-at="2023-05-04T20:47:02 EET" name="runScenario" description="Runs Cucumber Scenarios" data-provider="scenarios" finished-at="2023-05-04T20:47:02 EET" duration-ms="32" status="PASS">
          <params>
            <param index="0">
              <value>
                <![CDATA["Login successfully"]]>
              </value>
            </param>
            <param index="1">
              <value>
                <![CDATA["Optional[Login in my program]"]]>
              </value>
            </param>
          </params>
          <reporter-output>
          </reporter-output>
        </test-method> <!-- runScenario -->
        <test-method signature="runScenario(io.cucumber.testng.PickleWrapper,io.cucumber.testng.FeatureWrapper)[pri:0, instance:Runners.MyClassTestCase@5606c0b]" started-at="2023-05-04T20:47:02 EET" name="runScenario" description="Runs Cucumber Scenarios" data-provider="scenarios" finished-at="2023-05-04T20:47:02 EET" duration-ms="2" status="PASS">
          <params>
            <param index="0">
              <value>
                <![CDATA["Login successfully"]]>
              </value>
            </param>
            <param index="1">
              <value>
                <![CDATA["Optional[Login in my program]"]]>
              </value>
            </param>
          </params>
          <reporter-output>
          </reporter-output>
        </test-method> <!-- runScenario -->
        <test-method signature="runScenario(io.cucumber.testng.PickleWrapper,io.cucumber.testng.FeatureWrapper)[pri:0, instance:Runners.MyClassTestCase@5606c0b]" started-at="2023-05-04T20:47:02 EET" name="runScenario" description="Runs Cucumber Scenarios" data-provider="scenarios" finished-at="2023-05-04T20:47:02 EET" duration-ms="24" status="PASS">
          <params>
            <param index="0">
              <value>
                <![CDATA["incorrect id"]]>
              </value>
            </param>
            <param index="1">
              <value>
                <![CDATA["Optional[Update Customer Information]"]]>
              </value>
            </param>
          </params>
          <reporter-output>
          </reporter-output>
        </test-method> <!-- runScenario -->
        <test-method signature="runScenario(io.cucumber.testng.PickleWrapper,io.cucumber.testng.FeatureWrapper)[pri:0, instance:Runners.MyClassTestCase@5606c0b]" started-at="2023-05-04T20:47:02 EET" name="runScenario" description="Runs Cucumber Scenarios" data-provider="scenarios" finished-at="2023-05-04T20:47:02 EET" duration-ms="17" status="PASS">
          <params>
            <param index="0">
              <value>
                <![CDATA["empty id"]]>
              </value>
            </param>
            <param index="1">
              <value>
                <![CDATA["Optional[Update Customer Information]"]]>
              </value>
            </param>
          </params>
          <reporter-output>
          </reporter-output>
        </test-method> <!-- runScenario -->
        <test-method signature="runScenario(io.cucumber.testng.PickleWrapper,io.cucumber.testng.FeatureWrapper)[pri:0, instance:Runners.MyClassTestCase@5606c0b]" started-at="2023-05-04T20:47:02 EET" name="runScenario" description="Runs Cucumber Scenarios" data-provider="scenarios" finished-at="2023-05-04T20:47:02 EET" duration-ms="16" status="PASS">
          <params>
            <param index="0">
              <value>
                <![CDATA["accepted id"]]>
              </value>
            </param>
            <param index="1">
              <value>
                <![CDATA["Optional[Update Customer Information]"]]>
              </value>
            </param>
          </params>
          <reporter-output>
          </reporter-output>
        </test-method> <!-- runScenario -->
        <test-method signature="runScenario(io.cucumber.testng.PickleWrapper,io.cucumber.testng.FeatureWrapper)[pri:0, instance:Runners.MyClassTestCase@5606c0b]" started-at="2023-05-04T20:47:02 EET" name="runScenario" description="Runs Cucumber Scenarios" data-provider="scenarios" finished-at="2023-05-04T20:47:02 EET" duration-ms="19" status="PASS">
          <params>
            <param index="0">
              <value>
                <![CDATA["incorrect id"]]>
              </value>
            </param>
            <param index="1">
              <value>
                <![CDATA["Optional[Update Product Information]"]]>
              </value>
            </param>
          </params>
          <reporter-output>
          </reporter-output>
        </test-method> <!-- runScenario -->
        <test-method signature="runScenario(io.cucumber.testng.PickleWrapper,io.cucumber.testng.FeatureWrapper)[pri:0, instance:Runners.MyClassTestCase@5606c0b]" started-at="2023-05-04T20:47:02 EET" name="runScenario" description="Runs Cucumber Scenarios" data-provider="scenarios" finished-at="2023-05-04T20:47:02 EET" duration-ms="15" status="PASS">
          <params>
            <param index="0">
              <value>
                <![CDATA[""]]>
              </value>
            </param>
            <param index="1">
              <value>
                <![CDATA["Optional[Update Product Information]"]]>
              </value>
            </param>
          </params>
          <reporter-output>
          </reporter-output>
        </test-method> <!-- runScenario -->
        <test-method signature="runScenario(io.cucumber.testng.PickleWrapper,io.cucumber.testng.FeatureWrapper)[pri:0, instance:Runners.MyClassTestCase@5606c0b]" started-at="2023-05-04T20:47:02 EET" name="runScenario" description="Runs Cucumber Scenarios" data-provider="scenarios" finished-at="2023-05-04T20:47:02 EET" duration-ms="14" status="PASS">
          <params>
            <param index="0">
              <value>
                <![CDATA[""]]>
              </value>
            </param>
            <param index="1">
              <value>
                <![CDATA["Optional[Update Product Information]"]]>
              </value>
            </param>
          </params>
          <reporter-output>
          </reporter-output>
        </test-method> <!-- runScenario -->
        <test-method is-config="true" signature="tearDownClass()[pri:0, instance:Runners.MyClassTestCase@5606c0b]" started-at="2023-05-04T20:47:02 EET" name="tearDownClass" finished-at="2023-05-04T20:47:02 EET" duration-ms="7" status="PASS">
          <reporter-output>
          </reporter-output>
        </test-method> <!-- tearDownClass -->
      </class> <!-- Runners.MyClassTestCase -->
    </test> <!-- Command line test -->
  </suite> <!-- Command line suite -->
</testng-results>
